Arguments: 
  /usr/local/bin/node /Users/ethan/.yarn/bin/yarn.js init adonis-ts-app@latest api

PATH: 
  /Users/ethan/.rvm/gems/ruby-2.7.2/bin:/Users/ethan/.rvm/gems/ruby-2.7.2@global/bin:/Users/ethan/.rvm/rubies/ruby-2.7.2/bin:/Users/ethan/scripts/pvm:/Users/ethan/.yarn/bin:/Users/ethan/.config/yarn/global/node_modules/.bin:/usr/local/bin:/Library/Frameworks/Python.framework/Versions/3.9/bin:/opt/local/bin:/opt/local/sbin:/usr/local/bin:/usr/bin:/bin:/usr/sbin:/sbin:/usr/local/share/dotnet:~/.dotnet/tools:/Library/Apple/usr/bin:/Library/Frameworks/Mono.framework/Versions/Current/Commands:/Users/ethan/.rvm/gems/ruby-2.7.2/bin:/Users/ethan/.rvm/gems/ruby-2.7.2@global/bin:/Users/ethan/.rvm/rubies/ruby-2.7.2/bin:/Users/ethan/scripts/pvm:/Users/ethan/.yarn/bin:/Users/ethan/.config/yarn/global/node_modules/.bin:/Library/Frameworks/Python.framework/Versions/3.9/bin:/opt/local/bin:/opt/local/sbin:/Users/ethan/.cargo/bin:/Users/ethan/.rvm/bin:/Users/ethan/.cargo/bin:/Users/ethan/.rvm/bin:/usr/local/bin

Yarn version: 
  1.22.17

Node version: 
  16.13.2

Platform: 
  darwin x64

Trace: 
  Error: canceled
      at Interface.<anonymous> (/Users/ethan/.yarn/lib/cli.js:137143:13)
      at Interface.emit (node:events:390:28)
      at Interface._ttyWrite (node:readline:1081:16)
      at ReadStream.onkeypress (node:readline:288:10)
      at ReadStream.emit (node:events:390:28)
      at emitKeys (node:internal/readline/utils:358:14)
      at emitKeys.next (<anonymous>)
      at ReadStream.onData (node:internal/readline/emitKeypressEvents:61:36)
      at ReadStream.emit (node:events:390:28)
      at addChunk (node:internal/streams/readable:315:12)

npm manifest: 
  No manifest

yarn manifest: 
  No manifest

Lockfile: 
  No lockfile
